[    0.000000] Linux version 4.15.0-118-generic (buildd@lgw01-amd64-039) (gcc version 7.5.0 (Ubuntu 7.5.0-3ubuntu1~18.04)) #119-Ubuntu SMP Tue Sep 8 12:30:01 UTC 2020 (Ubuntu 4.15.0-118.119-generic 4.15.18)
[    0.000000] Command line: BOOT_IMAGE=/boot/vmlinuz-4.15.0-118-generic root=LABEL=cloudimg-rootfs ro console=tty1 console=ttyS0
[    0.000000] KERNEL supported cpus:
[    0.000000]   Intel GenuineIntel
[    0.000000]   AMD AuthenticAMD
[    0.000000]   Centaur CentaurHauls
[    0.000000] x86/fpu: Supporting XSAVE feature 0x001: 'x87 floating point registers'
[    0.000000] x86/fpu: Supporting XSAVE feature 0x002: 'SSE registers'
[    0.000000] x86/fpu: Supporting XSAVE feature 0x004: 'AVX registers'
[    0.000000] x86/fpu: xstate_offset[2]:  576, xstate_sizes[2]:  256
[    0.000000] x86/fpu: Enabled xstate features 0x7, context size is 832 bytes, using 'standard' format.
[    0.000000] e820: BIOS-provided physical RAM map:
[    0.000000] BIOS-e820: [mem 0x0000000000000000-0x000000000009fbff] usable
[    0.000000] BIOS-e820: [mem 0x000000000009fc00-0x000000000009ffff] reserved
[    0.000000] BIOS-e820: [mem 0x00000000000f0000-0x00000000000fffff] reserved
[    0.000000] BIOS-e820: [mem 0x0000000000100000-0x000000003ffeffff] usable
[    0.000000] BIOS-e820: [mem 0x000000003fff0000-0x000000003fffffff] ACPI data
[    0.000000] BIOS-e820: [mem 0x00000000fec00000-0x00000000fec00fff] reserved
[    0.000000] BIOS-e820: [mem 0x00000000fee00000-0x00000000fee00fff] reserved
[    0.000000] BIOS-e820: [mem 0x00000000fffc0000-0x00000000ffffffff] reserved
[    0.000000] NX (Execute Disable) protection: active
[    0.000000] SMBIOS 2.5 present.
[    0.000000] DMI: innotek GmbH VirtualBox/VirtualBox, BIOS VirtualBox 12/01/2006
[    0.000000] Hypervisor detected: KVM
[    0.000000] e820: last_pfn = 0x3fff0 max_arch_pfn = 0x400000000
[    0.000000] MTRR: Disabled
[    0.000000] x86/PAT: MTRRs disabled, skipping PAT initialization too.
[    0.000000] CPU MTRRs all blank - virtualized system.
[    0.000000] x86/PAT: Configuration [0-7]: WB  WT  UC- UC  WB  WT  UC- UC  
[    0.000000] found SMP MP-table at [mem 0x0009fff0-0x0009ffff]
[    0.000000] Scanning 1 areas for low memory corruption
[    0.000000] RAMDISK: [mem 0x35a65000-0x36d29fff]
[    0.000000] ACPI: Early table checksum verification disabled
[    0.000000] ACPI: RSDP 0x00000000000E0000 000024 (v02 VBOX  )
[    0.000000] ACPI: XSDT 0x000000003FFF0030 00003C (v01 VBOX   VBOXXSDT 00000001 ASL  00000061)
[    0.000000] ACPI: FACP 0x000000003FFF00F0 0000F4 (v04 VBOX   VBOXFACP 00000001 ASL  00000061)
[    0.000000] ACPI: DSDT 0x000000003FFF0470 002325 (v02 VBOX   VBOXBIOS 00000002 INTL 20120111)
[    0.000000] ACPI: FACS 0x000000003FFF0200 000040
[    0.000000] ACPI: FACS 0x000000003FFF0200 000040
[    0.000000] ACPI: APIC 0x000000003FFF0240 00005C (v02 VBOX   VBOXAPIC 00000001 ASL  00000061)
[    0.000000] ACPI: SSDT 0x000000003FFF02A0 0001CC (v01 VBOX   VBOXCPUT 00000002 INTL 20120111)
[    0.000000] No NUMA configuration found
[    0.000000] Faking a node at [mem 0x0000000000000000-0x000000003ffeffff]
[    0.000000] NODE_DATA(0) allocated [mem 0x3ffc5000-0x3ffeffff]
[    0.000000] kvm-clock: cpu 0, msr 0:3ff44001, primary cpu clock
[    0.000000] kvm-clock: Using msrs 4b564d01 and 4b564d00
[    0.000000] kvm-clock: using sched offset of 3996239841 cycles
[    0.000000] clocksource: kvm-clock: mask: 0xffffffffffffffff max_cycles: 0x1cd42e4dffb, max_idle_ns: 881590591483 ns
[    0.000000] Zone ranges:
[    0.000000]   DMA      [mem 0x0000000000001000-0x0000000000ffffff]
[    0.000000]   DMA32    [mem 0x0000000001000000-0x000000003ffeffff]
[    0.000000]   Normal   empty
[    0.000000]   Device   empty
[    0.000000] Movable zone start for each node
[    0.000000] Early memory node ranges
[    0.000000]   node   0: [mem 0x0000000000001000-0x000000000009efff]
[    0.000000]   node   0: [mem 0x0000000000100000-0x000000003ffeffff]
[    0.000000] Reserved but unavailable: 98 pages
[    0.000000] Initmem setup node 0 [mem 0x0000000000001000-0x000000003ffeffff]
[    0.000000] ACPI: PM-Timer IO Port: 0x4008
[    0.000000] IOAPIC[0]: apic_id 2, version 32, address 0xfec00000, GSI 0-23
[    0.000000] ACPI: INT_SRC_OVR (bus 0 bus_irq 0 global_irq 2 dfl dfl)
[    0.000000] ACPI: INT_SRC_OVR (bus 0 bus_irq 9 global_irq 9 low level)
[    0.000000] Using ACPI (MADT) for SMP configuration information
[    0.000000] smpboot: Allowing 2 CPUs, 0 hotplug CPUs
[    0.000000] PM: Registered nosave memory: [mem 0x00000000-0x00000fff]
[    0.000000] PM: Registered nosave memory: [mem 0x0009f000-0x0009ffff]
[    0.000000] PM: Registered nosave memory: [mem 0x000a0000-0x000effff]
[    0.000000] PM: Registered nosave memory: [mem 0x000f0000-0x000fffff]
[    0.000000] e820: [mem 0x40000000-0xfebfffff] available for PCI devices
[    0.000000] Booting paravirtualized kernel on KVM
[    0.000000] clocksource: refined-jiffies: mask: 0xffffffff max_cycles: 0xffffffff, max_idle_ns: 7645519600211568 ns
[    0.000000] random: get_random_bytes called from start_kernel+0x99/0x500 with crng_init=0
[    0.000000] setup_percpu: NR_CPUS:8192 nr_cpumask_bits:2 nr_cpu_ids:2 nr_node_ids:1
[    0.000000] percpu: Embedded 45 pages/cpu s147456 r8192 d28672 u1048576
[    0.000000] PV qspinlock hash table entries: 256 (order: 0, 4096 bytes)
[    0.000000] Built 1 zonelists, mobility grouping on.  Total pages: 257913
[    0.000000] Policy zone: DMA32
[    0.000000] Kernel command line: BOOT_IMAGE=/boot/vmlinuz-4.15.0-118-generic root=LABEL=cloudimg-rootfs ro console=tty1 console=ttyS0
[    0.000000] Memory: 983028K/1048120K available (12300K kernel code, 2482K rwdata, 4272K rodata, 2436K init, 2724K bss, 65092K reserved, 0K cma-reserved)
[    0.000000] SLUB: HWalign=64, Order=0-3, MinObjects=0, CPUs=2, Nodes=1
[    0.000000] Kernel/User page tables isolation: enabled
[    0.000000] ftrace: allocating 39396 entries in 154 pages
[    0.004000] Hierarchical RCU implementation.
[    0.004000] 	RCU restricting CPUs from NR_CPUS=8192 to nr_cpu_ids=2.
[    0.004000] 	Tasks RCU enabled.
[    0.004000] RCU: Adjusting geometry for rcu_fanout_leaf=16, nr_cpu_ids=2
[    0.004000] NR_IRQS: 524544, nr_irqs: 440, preallocated irqs: 16
[    0.004000] Console: colour VGA+ 80x25
[    0.004000] console [tty1] enabled
[    0.004000] console [ttyS0] enabled
[    0.004000] ACPI: Core revision 20170831
[    0.004000] ACPI: 2 ACPI AML tables successfully acquired and loaded
[    0.004000] APIC: Switch to symmetric I/O mode setup
[    0.004000] x2apic enabled
[    0.004000] Switched APIC routing to physical x2apic.
[    0.004000] ..TIMER: vector=0x30 apic1=0 pin1=2 apic2=-1 pin2=-1
[    0.004003] tsc: Detected 2591.998 MHz processor
[    0.005001] Calibrating delay loop (skipped) preset value.. 5183.99 BogoMIPS (lpj=10367992)
[    0.005593] pid_max: default: 32768 minimum: 301
[    0.008026] Security Framework initialized
[    0.008800] Yama: becoming mindful.
[    0.009487] AppArmor: AppArmor initialized
[    0.012000] Dentry cache hash table entries: 131072 (order: 8, 1048576 bytes)
[    0.012049] Inode-cache hash table entries: 65536 (order: 7, 524288 bytes)
[    0.013347] Mount-cache hash table entries: 2048 (order: 2, 16384 bytes)
[    0.014559] Mountpoint-cache hash table entries: 2048 (order: 2, 16384 bytes)
[    0.016000] Last level iTLB entries: 4KB 64, 2MB 8, 4MB 8
[    0.016001] Last level dTLB entries: 4KB 64, 2MB 0, 4MB 0, 1GB 4
[    0.017142] Spectre V1 : Mitigation: usercopy/swapgs barriers and __user pointer sanitization
[    0.020002] Spectre V2 : Mitigation: Full generic retpoline
[    0.021096] Spectre V2 : Spectre v2 / SpectreRSB mitigation: Filling RSB on context switch
[    0.022861] Speculative Store Bypass: Vulnerable
[    0.024036] SRBDS: Unknown: Dependent on hypervisor status
[    0.025102] MDS: Mitigation: Clear CPU buffers
[    0.026137] Freeing SMP alternatives memory: 36K
[    0.136684] smpboot: CPU0: Intel(R) Core(TM) i7-9750H CPU @ 2.60GHz (family: 0x6, model: 0x9e, stepping: 0xa)
[    0.138826] Performance Events: unsupported p6 CPU model 158 no PMU driver, software events only.
[    0.140026] Hierarchical SRCU implementation.
[    0.142247] NMI watchdog: Perf event create on CPU 0 failed with -2
[    0.143521] NMI watchdog: Perf NMI watchdog permanently disabled
[    0.144035] smp: Bringing up secondary CPUs ...
[    0.144988] x86: Booting SMP configuration:
[    0.145777] .... node  #0, CPUs:      #1
[    0.004000] kvm-clock: cpu 1, msr 0:3ff44041, secondary cpu clock
[    0.150803] smp: Brought up 1 node, 2 CPUs
[    0.150803] smpboot: Max logical packages: 1
[    0.152004] smpboot: Total of 2 processors activated (10367.99 BogoMIPS)
[    0.153347] devtmpfs: initialized
[    0.153347] x86/mm: Memory block size: 128MB
[    0.153636] evm: security.selinux
[    0.156002] evm: security.SMACK64
[    0.156629] evm: security.SMACK64EXEC
[    0.157336] evm: security.SMACK64TRANSMUTE
[    0.158102] evm: security.SMACK64MMAP
[    0.158857] evm: security.apparmor
[    0.159520] evm: security.ima
[    0.160002] evm: security.capability
[    0.160846] clocksource: jiffies: mask: 0xffffffff max_cycles: 0xffffffff, max_idle_ns: 7645041785100000 ns
[    0.161759] futex hash table entries: 512 (order: 3, 32768 bytes)
[    0.167887] pinctrl core: initialized pinctrl subsystem
[    0.168077] RTC time: 14:12:14, date: 02/06/21
[    0.169049] NET: Registered protocol family 16
[    0.169931] audit: initializing netlink subsys (disabled)
[    0.170976] audit: type=2000 audit(1612620740.168:1): state=initialized audit_enabled=0 res=1
[    0.172008] cpuidle: using governor ladder
[    0.172779] cpuidle: using governor menu
[    0.173563] ACPI: bus type PCI registered
[    0.174300] acpiphp: ACPI Hot Plug PCI Controller Driver version: 0.5
[    0.176087] PCI: Using configuration type 1 for base access
[    0.177113] HugeTLB registered 2.00 MiB page size, pre-allocated 0 pages
[    0.180053] ACPI: Added _OSI(Module Device)
[    0.180857] ACPI: Added _OSI(Processor Device)
[    0.181716] ACPI: Added _OSI(3.0 _SCP Extensions)
[    0.182592] ACPI: Added _OSI(Processor Aggregator Device)
[    0.183564] ACPI: Added _OSI(Linux-Dell-Video)
[    0.184002] ACPI: Added _OSI(Linux-Lenovo-NV-HDMI-Audio)
[    0.184965] ACPI: Added _OSI(Linux-HPI-Hybrid-Graphics)
[    0.186266] ACPI: Executed 1 blocks of module-level executable AML code
[    0.190409] ACPI: Interpreter enabled
[    0.191158] ACPI: (supports S0 S5)
[    0.191815] ACPI: Using IOAPIC for interrupt routing
[    0.192157] PCI: Using host bridge windows from ACPI; if necessary, use "pci=nocrs" and report a bug
[    0.193996] ACPI: Enabled 2 GPEs in block 00 to 07
[    0.200669] ACPI: PCI Root Bridge [PCI0] (domain 0000 [bus 00-ff])
[    0.201867] acpi PNP0A03:00: _OSC: OS supports [ASPM ClockPM Segments MSI]
[    0.204116] acpi PNP0A03:00: _OSC: not requesting OS control; OS requires [ExtendedConfig ASPM ClockPM MSI]
[    0.205893] acpi PNP0A03:00: fail to add MMCONFIG information, can't access extended PCI configuration space under this bridge.
[    0.208359] PCI host bridge to bus 0000:00
[    0.209121] pci_bus 0000:00: root bus resource [io  0x0000-0x0cf7 window]
[    0.210354] pci_bus 0000:00: root bus resource [io  0x0d00-0xffff window]
[    0.211655] pci_bus 0000:00: root bus resource [mem 0x000a0000-0x000bffff window]
[    0.212002] pci_bus 0000:00: root bus resource [mem 0x40000000-0xfdffffff window]
[    0.213373] pci_bus 0000:00: root bus resource [bus 00-ff]
[    0.217783] pci 0000:00:01.1: legacy IDE quirk: reg 0x10: [io  0x01f0-0x01f7]
[    0.219215] pci 0000:00:01.1: legacy IDE quirk: reg 0x14: [io  0x03f6]
[    0.220002] pci 0000:00:01.1: legacy IDE quirk: reg 0x18: [io  0x0170-0x0177]
[    0.221820] pci 0000:00:01.1: legacy IDE quirk: reg 0x1c: [io  0x0376]
[    0.234882] pci 0000:00:07.0: quirk: [io  0x4000-0x403f] claimed by PIIX4 ACPI
[    0.236017] pci 0000:00:07.0: quirk: [io  0x4100-0x410f] claimed by PIIX4 SMB
[    0.244584] ACPI: PCI Interrupt Link [LNKA] (IRQs 5 9 10 *11)
[    0.245913] ACPI: PCI Interrupt Link [LNKB] (IRQs 5 9 *10 11)
[    0.247165] ACPI: PCI Interrupt Link [LNKC] (IRQs 5 *9 10 11)
[    0.248125] ACPI: PCI Interrupt Link [LNKD] (IRQs 5 9 10 *11)
[    0.249515] SCSI subsystem initialized
[    0.250369] pci 0000:00:02.0: vgaarb: setting as boot VGA device
[    0.250369] pci 0000:00:02.0: vgaarb: VGA device added: decodes=io+mem,owns=io+mem,locks=none
[    0.252004] pci 0000:00:02.0: vgaarb: bridge control possible
[    0.253053] vgaarb: loaded
[    0.253595] ACPI: bus type USB registered
[    0.254362] usbcore: registered new interface driver usbfs
[    0.256007] usbcore: registered new interface driver hub
[    0.256973] usbcore: registered new device driver usb
[    0.257932] EDAC MC: Ver: 3.0.0
[    0.257932] PCI: Using ACPI for IRQ routing
[    0.260307] NetLabel: Initializing
[    0.260979] NetLabel:  domain hash size = 128
[    0.261784] NetLabel:  protocols = UNLABELED CIPSOv4 CALIPSO
[    0.262846] NetLabel:  unlabeled traffic allowed by default
[    0.264053] clocksource: Switched to clocksource kvm-clock
[    0.280913] VFS: Disk quotas dquot_6.6.0
[    0.281776] VFS: Dquot-cache hash table entries: 512 (order 0, 4096 bytes)
[    0.283160] AppArmor: AppArmor Filesystem Enabled
[    0.284068] pnp: PnP ACPI init
[    0.285884] pnp: PnP ACPI: found 3 devices
[    0.294572] clocksource: acpi_pm: mask: 0xffffff max_cycles: 0xffffff, max_idle_ns: 2085701024 ns
[    0.296510] NET: Registered protocol family 2
[    0.297512] TCP established hash table entries: 8192 (order: 4, 65536 bytes)
[    0.298838] TCP bind hash table entries: 8192 (order: 5, 131072 bytes)
[    0.300456] TCP: Hash tables configured (established 8192 bind 8192)
[    0.305360] UDP hash table entries: 512 (order: 2, 16384 bytes)
[    0.306566] UDP-Lite hash table entries: 512 (order: 2, 16384 bytes)
[    0.307788] NET: Registered protocol family 1
[    0.308680] pci 0000:00:00.0: Limiting direct PCI/PCI transfers
[    0.309888] pci 0000:00:01.0: Activating ISA DMA hang workarounds
[    0.311160] pci 0000:00:02.0: Video device with shadowed ROM at [mem 0x000c0000-0x000dffff]
[    0.312948] Unpacking initramfs...
[    0.587015] Freeing initrd memory: 19220K
[    0.588237] clocksource: tsc: mask: 0xffffffffffffffff max_cycles: 0x255cb518234, max_idle_ns: 440795279333 ns
[    0.590704] platform rtc_cmos: registered platform RTC device (no PNP device found)
[    0.592661] Scanning for low memory corruption every 60 seconds
[    0.594541] Initialise system trusted keyrings
[    0.595526] Key type blacklist registered
[    0.596698] workingset: timestamp_bits=36 max_order=18 bucket_order=0
[    0.598897] zbud: loaded
[    0.599808] squashfs: version 4.0 (2009/01/31) Phillip Lougher
[    0.601344] fuse init (API version 7.26)
[    0.603878] Key type asymmetric registered
[    0.604826] Asymmetric key parser 'x509' registered
[    0.605833] Block layer SCSI generic (bsg) driver version 0.4 loaded (major 246)
[    0.607492] io scheduler noop registered
[    0.608448] io scheduler deadline registered
[    0.609607] io scheduler cfq registered (default)
[    0.611051] ACPI: AC Adapter [AC] (on-line)
[    0.612293] input: Power Button as /devices/LNXSYSTM:00/LNXPWRBN:00/input/input0
[    0.614219] ACPI: Power Button [PWRF]
[    0.615118] input: Sleep Button as /devices/LNXSYSTM:00/LNXSLPBN:00/input/input1
[    0.616796] ACPI: Sleep Button [SLPF]
[    0.619011] ACPI: Battery Slot [BAT0] (battery present)
[    0.620325] Serial: 8250/16550 driver, 32 ports, IRQ sharing enabled
[    0.642661] 00:02: ttyS0 at I/O 0x3f8 (irq = 4, base_baud = 115200) is a 16550A
[    0.647043] Linux agpgart interface v0.103
[    0.649136] loop: module loaded
[    0.650324] scsi host0: ata_piix
[    0.651371] scsi host1: ata_piix
[    0.652103] ata1: PATA max UDMA/33 cmd 0x1f0 ctl 0x3f6 bmdma 0xd000 irq 14
[    0.653637] ata2: PATA max UDMA/33 cmd 0x170 ctl 0x376 bmdma 0xd008 irq 15
[    0.655088] libphy: Fixed MDIO Bus: probed
[    0.655945] tun: Universal TUN/TAP device driver, 1.6
[    0.657281] PPP generic driver version 2.4.2
[    0.658404] ehci_hcd: USB 2.0 'Enhanced' Host Controller (EHCI) Driver
[    0.660086] ehci-pci: EHCI PCI platform driver
[    0.661425] ehci-platform: EHCI generic platform driver
[    0.662739] ohci_hcd: USB 1.1 'Open' Host Controller (OHCI) Driver
[    0.664607] ohci-pci: OHCI PCI platform driver
[    0.665526] ohci-platform: OHCI generic platform driver
[    0.666590] uhci_hcd: USB Universal Host Controller Interface driver
[    0.668088] i8042: PNP: PS/2 Controller [PNP0303:PS2K,PNP0f03:PS2M] at 0x60,0x64 irq 1,12
[    0.670569] serio: i8042 KBD port at 0x60,0x64 irq 1
[    0.671607] serio: i8042 AUX port at 0x60,0x64 irq 12
[    0.673100] mousedev: PS/2 mouse device common for all mice
[    0.675063] rtc_cmos rtc_cmos: rtc core: registered rtc_cmos as rtc0
[    0.676440] rtc_cmos rtc_cmos: alarms up to one day, 114 bytes nvram
[    0.677672] input: AT Translated Set 2 keyboard as /devices/platform/i8042/serio0/input/input2
[    0.679359] i2c /dev entries driver
[    0.680203] device-mapper: uevent: version 1.0.3
[    0.681241] device-mapper: ioctl: 4.37.0-ioctl (2017-09-20) initialised: dm-devel@redhat.com
[    0.682943] ledtrig-cpu: registered to indicate activity on CPUs
[    0.684530] NET: Registered protocol family 10
[    0.688396] Segment Routing with IPv6
[    0.689155] NET: Registered protocol family 17
[    0.690047] Key type dns_resolver registered
[    0.691061] mce: Using 0 MCE banks
[    0.691748] RAS: Correctable Errors collector initialized.
[    0.692920] sched_clock: Marking stable (692902161, 0)->(869294706, -176392545)
[    0.694616] registered taskstats version 1
[    0.695487] Loading compiled-in X.509 certificates
[    0.698336] Loaded X.509 cert 'Build time autogenerated kernel key: 12f2d460e247d21dc5d156478bb7d4abc0f5a070'
[    0.700260] zswap: loaded using pool lzo/zbud
[    0.703783] Key type big_key registered
[    0.704661] Key type trusted registered
[    0.706868] Key type encrypted registered
[    0.707661] AppArmor: AppArmor sha1 policy hashing enabled
[    0.708998] ima: No TPM chip found, activating TPM-bypass! (rc=-19)
[    0.710172] ima: Allocated hash algorithm: sha1
[    0.711104] evm: HMAC attrs: 0x1
[    0.712086]   Magic number: 9:78:232
[    0.712863] rtc_cmos rtc_cmos: setting system clock to 2021-02-06 14:12:14 UTC (1612620734)
[    0.714578] BIOS EDD facility v0.16 2004-Jun-25, 0 devices found
[    0.715777] EDD information not available.
[    0.884691] Freeing unused kernel image memory: 2436K
[    1.152404] Write protecting the kernel read-only data: 20480k
[    1.154529] Freeing unused kernel image memory: 2008K
[    1.155853] Freeing unused kernel image memory: 1872K
[    1.162449] x86/mm: Checked W+X mappings: passed, no W+X pages found.
[    1.163681] x86/mm: Checking user space page tables
[    1.169428] x86/mm: Checked W+X mappings: passed, no W+X pages found.
Loading, please wait...
starting version 237
[    1.220646] e1000: Intel(R) PRO/1000 Network Driver - version 7.3.21-k8-NAPI
[    1.222336] e1000: Copyright (c) 1999-2006 Intel Corporation.
[    1.225717] Fusion MPT base driver 3.04.20
[    1.226677] Copyright (c) 1999-2008 LSI Corporation
[    1.230516] Fusion MPT SPI Host driver 3.04.20
[    1.248178] AVX2 version of gcm_enc/dec engaged.
[    1.249428] AES CTR mode by8 optimization enabled
[    1.437562] input: ImExPS/2 Generic Explorer Mouse as /devices/platform/i8042/serio1/input/input4
[    1.640207] e1000 0000:00:03.0 eth0: (PCI:33MHz:32-bit) 02:7d:29:b6:4b:3c
[    1.641664] e1000 0000:00:03.0 eth0: Intel(R) PRO/1000 Network Connection
[    1.644014] mptbase: ioc0: Initiating bringup
[    1.740267] ioc0: LSI53C1030 A0: Capabilities={Initiator}
[    1.983340] scsi host2: ioc0: LSI53C1030 A0, FwRev=00000000h, Ports=1, MaxQ=256, IRQ=20
[    2.154627] scsi 2:0:0:0: Direct-Access     VBOX     HARDDISK         1.0  PQ: 0 ANSI: 5
[    2.188485] scsi target2:0:0: Beginning Domain Validation
[    2.191517] scsi target2:0:0: Domain Validation skipping write tests
[    2.192927] scsi target2:0:0: Ending Domain Validation
[    2.194640] scsi target2:0:0: asynchronous
[    2.196176] scsi 2:0:1:0: Direct-Access     VBOX     HARDDISK         1.0  PQ: 0 ANSI: 5
[    2.480116] scsi target2:0:1: Beginning Domain Validation
[    2.483693] random: fast init done
[    2.486888] scsi target2:0:1: Domain Validation skipping write tests
[    2.488499] scsi target2:0:1: Ending Domain Validation
[    2.489755] scsi target2:0:1: asynchronous
[    2.497478] sd 2:0:0:0: [sda] 20971520 512-byte logical blocks: (10.7 GB/10.0 GiB)
[    2.497965] random: systemd-udevd: uninitialized urandom read (16 bytes read)
[    2.499127] sd 2:0:0:0: Attached scsi generic sg0 type 0
[    2.500858] random: systemd-udevd: uninitialized urandom read (16 bytes read)
[    2.502255] sd 2:0:0:0: [sda] Write Protect is off
[    2.503960] random: systemd-udevd: uninitialized urandom read (16 bytes read)
[    2.506616] sd 2:0:0:0: [sda] Incomplete mode parameter data
[    2.508222] sd 2:0:0:0: [sda] Assuming drive cache: write through
[    2.508586] sd 2:0:1:0: Attached scsi generic sg1 type 0
[    2.511633] sd 2:0:1:0: [sdb] 20480 512-byte logical blocks: (10.5 MB/10.0 MiB)
[    2.513053]  sda: sda1
[    2.514689] sd 2:0:1:0: [sdb] Write Protect is off
[    2.515761] sd 2:0:0:0: [sda] Attached SCSI disk
[    2.518041] sd 2:0:1:0: [sdb] Incomplete mode parameter data
[    2.520491] sd 2:0:1:0: [sdb] Assuming drive cache: write through
[    2.526923] sd 2:0:1:0: [sdb] Attached SCSI disk
[    2.554062] e1000 0000:00:08.0 eth1: (PCI:33MHz:32-bit) 08:00:27:6a:b3:bb
[    2.555370] e1000 0000:00:08.0 eth1: Intel(R) PRO/1000 Network Connection
[    2.558113] e1000 0000:00:03.0 enp0s3: renamed from eth0
[    2.576236] e1000 0000:00:08.0 enp0s8: renamed from eth1
Begin: Loading essential drivers ... [    3.928140] raid6: sse2x1   gen() 12317 MB/s
[    3.976529] raid6: sse2x1   xor()  9341 MB/s
[    4.024016] raid6: sse2x2   gen() 17004 MB/s
[    4.072203] raid6: sse2x2   xor() 10901 MB/s
[    4.120064] raid6: sse2x4   gen() 17835 MB/s
[    4.168303] raid6: sse2x4   xor() 12074 MB/s
[    4.216017] raid6: avx2x1   gen() 26300 MB/s
[    4.264208] raid6: avx2x1   xor() 18044 MB/s
[    4.312330] raid6: avx2x2   gen() 30652 MB/s
[    4.360123] raid6: avx2x2   xor() 20455 MB/s
[    4.408027] raid6: avx2x4   gen() 38280 MB/s
[    4.456240] raid6: avx2x4   xor() 19955 MB/s
[    4.457579] raid6: using algorithm avx2x4 gen() 38280 MB/s
[    4.459070] raid6: .... xor() 19955 MB/s, rmw enabled
[    4.460984] raid6: using avx2x2 recovery algorithm
[    4.463889] xor: automatically using best checksumming function   avx       
[    4.467550] async_tx: api initialized (async)
done.
Begin: Running /scripts/init-premount ... done.
Begin: Mounting root file system ... Begin: Running /scripts/local-top ... done.
Begin: Running /scripts/local-premount ... [    4.503513] Btrfs loaded, crc32c=crc32c-intel
Scanning for Btrfs filesystems
done.
Warning: fsck not present, so skipping root file system
[    4.520532] EXT4-fs (sda1): mounted filesystem with ordered data mode. Opts: (null)
done.
Begin: Running /scripts/local-bottom ... done.
Begin: Running /scripts/init-bottom ... done.
[    4.612538] ip_tables: (C) 2000-2006 Netfilter Core Team
[    4.618620] systemd[1]: systemd 237 running in system mode. (+PAM +AUDIT +SELINUX +IMA +APPARMOR +SMACK +SYSVINIT +UTMP +LIBCRYPTSETUP +GCRYPT +GNUTLS +ACL +XZ +LZ4 +SECCOMP +BLKID +ELFUTILS +KMOD -IDN2 +IDN -PCRE2 default-hierarchy=hybrid)
[    4.623074] systemd[1]: Detected virtualization oracle.
[    4.624289] systemd[1]: Detected architecture x86-64.

Welcome to [1mUbuntu 18.04.5 LTS[0m!

[    4.632705] systemd[1]: Set hostname to <ubuntu>.
[    4.635882] systemd[1]: Initializing machine ID from random generator.
[    4.637349] systemd[1]: Installed transient /etc/machine-id file.
[    4.799014] systemd[1]: Created slice User and Session Slice.
[[0;32m  OK  [0m] Created slice User and Session Slice.
[    4.812963] systemd[1]: Set up automount Arbitrary Executable File Formats File System Automount Point.
[[0;32m  OK  [0m] Set up automount Arbitrary Executab…rmats File System Automount Point.
[    4.829081] systemd[1]: Created slice System Slice.
[[0;32m  OK  [0m] Created slice System Slice.
[    4.830839] systemd[1]: Listening on Syslog Socket.
[[0;32m  OK  [0m] Listening on Syslog Socket.
[[0;32m  OK  [0m] Listening on udev Control Socket.
[[0;32m  OK  [0m] Listening on LVM2 metadata daemon socket.
[[0;32m  OK  [0m] Listening on Network Service Netlink Socket.
[[0;32m  OK  [0m] Created slice system-serial\x2dgetty.slice.
[[0;32m  OK  [0m] Reached target Slices.
[[0;32m  OK  [0m] Listening on udev Kernel Socket.
[[0;32m  OK  [0m] Reached target Swap.
[[0;32m  OK  [0m] Listening on Journal Audit Socket.
[[0;32m  OK  [0m] Listening on Journal Socket.
         Starting Set the console keyboard layout...
         Starting udev Coldplug all Devices...
         Starting Load Kernel Modules...
[[0;32m  OK  [0m] Listening on Device-mapper event daemon FIFOs.
         Starting Monitoring of LVM2 mirrors…ng dmeventd or progress polling...
         Starting Remount Root and Kernel File Systems...
[    4.905401] Loading iSCSI transport class v2.0-870.
[    4.910214] iscsi: registered transport (tcp)
[[0;32m  OK  [0m] Listening on /dev/initctl Compatibility Named Pipe.
         Mounting Kernel Debug File System...
[[0;32m  OK  [0m] Listening on LVM2 poll daemon socket.
         Starting Create list of required st…ce nodes for the current kernel...
         Starting Uncomplicated firewall...
         Mounting POSIX Message Queue File System...
[    4.952703] iscsi: registered transport (iser)
[[0;32m  OK  [0m] Reached target System Time Synchronized.
         Mounting Huge Pages File System...
[[0;32m  OK  [0m] Listening on Journal Socket (/dev/log).
[    4.971828] EXT4-fs (sda1): re-mounted. Opts: (null)
         Starting Journal Service...
[[0;32m  OK  [0m] Reached target User and Group Name Lookups.
[[0;32m  OK  [0m] Started Forward Password Requests to Wall Directory Watch.
[[0;32m  OK  [0m] Started Load Kernel Modules.
[[0;32m  OK  [0m] Started Set the console keyboard layout.
[[0;32m  OK  [0m] Started Remount Root and Kernel File Systems.
[[0;32m  OK  [0m] Mounted Kernel Debug File System.
[[0;32m  OK  [0m] Started Create list of required sta…vice nodes for the current kernel.
[[0;32m  OK  [0m] Started Journal Service.
[[0;32m  OK  [0m] Started Uncomplicated firewall.
[[0;32m  OK  [0m] Mounted POSIX Message Queue File System.
[[0;32m  OK  [0m] Mounted Huge Pages File System.
[[0;32m  OK  [0m] Started udev Coldplug all Devices.
[[0;32m  OK  [0m] Started LVM2 metadata daemon.
         Starting Create Static Device Nodes in /dev...
         Starting Flush Journal to Persistent Storage...
         Starting Load/Save Random Seed...
         Starting Apply Kernel Variables...
         Mounting FUSE Control File System...
         Mounting Kernel Configuration File System...
[[0;32m  OK  [0m] Started Monitoring of LVM2 mirrors,…sing dmeventd or progress polling.
[[0;32m  OK  [0m] Started Create Static Device Nodes in /dev.
[[0;32m  OK  [0m] Mounted FUSE Control File System.
[[0;32m  OK  [0m] Mounted Kernel Configuration File System.
         Starting udev Kernel Device Manager...
[[0;32m  OK  [0m] Reached target Local File Systems (Pre).
[[0;32m  OK  [0m] Reached target Local File Systems.
         Starting Commit a transient machine-id on disk...
         Starting Tell Plymouth To Write Out Runtime Data...
         Starting Set console font and keymap...
         Starting AppArmor initialization...
         Starting ebtables ruleset management...
[[0;32m  OK  [0m] Started udev Kernel Device Manager.
[[0;32m  OK  [0m] Started Load/Save Random Seed.
[[0;32m  OK  [0m] Started Apply Kernel Variables.
[[0;32m  OK  [0m] Started Dispatch Password Requests to Console Directory Watch.
[[0;32m  OK  [0m] Reached target Local Encrypted Volumes.
[[0;32m  OK  [0m] Started Tell Plymouth To Write Out Runtime Data.
[[0;32m  OK  [0m] Started Set console font and keymap.
[[0;32m  OK  [0m] Started Commit a transient machine-id on disk.
[[0;32m  OK  [0m] Started Flush Journal to Persistent Storage.
         Starting Create Volatile Files and Directories...
[[0;32m  OK  [0m] Started ebtables ruleset management.
[[0;32m  OK  [0m] Started Create Volatile Files and Directories.
         Starting Update UTMP about System Boot/Shutdown...
[[0;32m  OK  [0m] Started Update UTMP about System Boot/Shutdown.
[[0;32m  OK  [0m] Found device /dev/ttyS0.
[[0;32m  OK  [0m] Listening on Load/Save RF Kill Switch Status /dev/rfkill Watch.
[[0;32m  OK  [0m] Started AppArmor initialization.
         Starting Initial cloud-init job (pre-networking)...
         Starting Load AppArmor profiles managed internally by snapd...
[[0;32m  OK  [0m] Started Load AppArmor profiles managed internally by snapd.
[    6.741332] cloud-init[570]: Cloud-init v. 20.3-2-g371b392c-0ubuntu1~18.04.1 running 'init-local' at Sat, 06 Feb 2021 14:12:20 +0000. Up 6.47 seconds.
[[0;32m  OK  [0m] Started Initial cloud-init job (pre-networking).
[[0;32m  OK  [0m] Reached target Network (Pre).
         Starting Network Service...
[[0;32m  OK  [0m] Started Network Service.
         Starting Network Name Resolution...
         Starting Wait for Network to be Configured...
[[0;32m  OK  [0m] Started Network Name Resolution.
[[0;32m  OK  [0m] Reached target Network.
[[0;32m  OK  [0m] Reached target Host and Network Name Lookups.
[[0;32m  OK  [0m] Started Wait for Network to be Configured.
         Starting Initial cloud-init job (metadata service crawler)...
[    8.807202] cloud-init[710]: Cloud-init v. 20.3-2-g371b392c-0ubuntu1~18.04.1 running 'init' at Sat, 06 Feb 2021 14:12:22 +0000. Up 8.71 seconds.
[    8.820674] cloud-init[710]: ci-info: ++++++++++++++++++++++++++++++++++++++Net device info+++++++++++++++++++++++++++++++++++++++
[    8.821898] cloud-init[710]: ci-info: +--------+-------+----------------------------+---------------+--------+-------------------+
[    8.823535] cloud-init[710]: ci-info: | Device |   Up  |          Address           |      Mask     | Scope  |     Hw-Address    |
[    8.825135] cloud-init[710]: ci-info: +--------+-------+----------------------------+---------------+--------+-------------------+
[    8.826349] cloud-init[710]: ci-info: | enp0s3 |  True |         10.0.2.15          | 255.255.255.0 | global | 02:7d:29:b6:4b:3c |
[    8.827871] cloud-init[710]: ci-info: | enp0s3 |  True | fe80::7d:29ff:feb6:4b3c/64 |       .       |  link  | 02:7d:29:b6:4b:3c |
[    8.840492] cloud-init[710]: ci-info: | enp0s8 | False |             .              |       .       |   .    | 08:00:27:6a:b3:bb |
[    8.842066] cloud-init[710]: ci-info: |   lo   |  True |         127.0.0.1          |   255.0.0.0   |  host  |         .         |
[    8.843544] cloud-init[710]: ci-info: |   lo   |  True |          ::1/128           |       .       |  host  |         .         |
[    8.844913] cloud-init[710]: ci-info: +--------+-------+----------------------------+---------------+--------+-------------------+
[    8.846320] cloud-init[710]: ci-info: ++++++++++++++++++++++++++++Route IPv4 info+++++++++++++++++++++++++++++
[    8.847967] cloud-init[710]: ci-info: +-------+-------------+----------+-----------------+-----------+-------+
[    8.860353] cloud-init[710]: ci-info: | Route | Destination | Gateway  |     Genmask     | Interface | Flags |
[    8.861588] cloud-init[710]: ci-info: +-------+-------------+----------+-----------------+-----------+-------+
[    8.862818] cloud-init[710]: ci-info: |   0   |   0.0.0.0   | 10.0.2.2 |     0.0.0.0     |   enp0s3  |   UG  |
[    8.864386] cloud-init[710]: ci-info: |   1   |   10.0.2.0  | 0.0.0.0  |  255.255.255.0  |   enp0s3  |   U   |
[    8.876531] cloud-init[710]: ci-info: |   2   |   10.0.2.2  | 0.0.0.0  | 255.255.255.255 |   enp0s3  |   UH  |
[    8.888469] cloud-init[710]: ci-info: +-------+-------------+----------+-----------------+-----------+-------+
[    8.900640] cloud-init[710]: ci-info: +++++++++++++++++++Route IPv6 info+++++++++++++++++++
[    8.901766] cloud-init[710]: ci-info: +-------+-------------+---------+-----------+-------+
[    8.903135] cloud-init[710]: ci-info: | Route | Destination | Gateway | Interface | Flags |
[    8.916280] cloud-init[710]: ci-info: +-------+-------------+---------+-----------+-------+
[    8.917215] cloud-init[710]: ci-info: |   1   |  fe80::/64  |    ::   |   enp0s3  |   U   |
[    8.918283] cloud-init[710]: ci-info: |   3   |    local    |    ::   |   enp0s3  |   U   |
[    8.928329] cloud-init[710]: ci-info: |   4   |   ff00::/8  |    ::   |   enp0s3  |   U   |
[    8.929883] cloud-init[710]: ci-info: +-------+-------------+---------+-----------+-------+
[    9.368632] cloud-init[710]: Generating public/private rsa key pair.
[    9.369500] cloud-init[710]: Your identification has been saved in /etc/ssh/ssh_host_rsa_key.
[    9.370419] cloud-init[710]: Your public key has been saved in /etc/ssh/ssh_host_rsa_key.pub.
[    9.380811] cloud-init[710]: The key fingerprint is:
[    9.381435] cloud-init[710]: SHA256:uuYlsQid5cQOqQdAf+PDtX4JXbKgJDedcHgRPcrFWSA root@ubuntu-bionic
[    9.382464] cloud-init[710]: The key's randomart image is:
[    9.383098] cloud-init[710]: +---[RSA 2048]----+
[    9.392469] cloud-init[710]: |o.   ..E=.+.     |
[    9.411028] cloud-init[710]: | ..  ++.o*       |
[[    9.420920] [0;32m  OK  [0mcloud-init] [710]: Started Initial cloud-init job (metadata service crawler).|  .oo**=o...     |

[[    9.432874] [0;32m  OK  [0mcloud-init] [710]: Reached target System Initialization.|   +BB=o+ +      |

[[0;32m  OK  [0m] Listening on ACPID Listen Socket.
[    9.434289] cloud-init[710]: |  o +=+oSo       |
[[    9.444864] cloud-init[710]: |   o .o+. .      |
[    9.445060] cloud-init[710]: |    . +..o       |
[    9.445562] cloud-init[710]: |      .+.        |
[    9.445716] cloud-init[710]: |     oo          |
[    9.445770] cloud-init[710]: +----[SHA256]-----+
[    9.445887] cloud-init[710]: Generating public/private dsa key pair.
[0;32m  OK  [0m] Started ACPI Events Check.
[    9.446572] cloud-init[710]: Your identification has been saved in /etc/ssh/ssh_host_dsa_key.
[    9.461791] cloud-init[710]: Your public key has been saved in /etc/ssh/ssh_host_dsa_key.pub.
[    9.461839] cloud-init[710]: The key fingerprint is:
[    9.461912] cloud-init[710]: SHA256:F8R1fI/yH1FCuewLLx+HXNkC6O6bgPEpzK8WyfxElQQ root@ubuntu-bionic
[    9.462405] cloud-init[710]: The key's randomart image is:
[    9.462486] cloud-init[710]: +---[DSA 1024]----+
[    9.462549] cloud-init[710]: |        E+oo.oo. |
[    9.462584] cloud-init[710]: |         .+. .+ o|
[[0;32m  OK  [0m] Reached target Paths.
[    9.462636] cloud-init[710]: |         .o .. =o|
[[0;32m  OK  [0m] Listening on UUID daemon activation socket.
[[0;32m  OK  [0m] Started Daily Cleanup of Temporary Directories.
[    9.477737] cloud-init[710]: |        .. ...+.+|
[[    9.480729] [0;32m  OK  [0mcloud-init] [710]: Started Daily apt download activities.|     o.oS o  +..+|

[[    9.482108] cloud-init[710]: |     o=+.+  ..o= |
[0;32m  OK  [0m] [    9.482206] Started Message of the Day.cloud-init
[710]: |      =++ .  o+oo|
[    9.484214] cloud-init[710]: |      .o.o .. oo.|
[    9.484838] cloud-init[710]: |     .... +. o.  |
[    9.485451] cloud-init[710]: +----[SHA256]-----+
         [    9.496914] cloud-init[710]: Generating public/private ecdsa key pair.
[    9.497250] cloud-init[710]: Your identification has been saved in /etc/ssh/ssh_host_ecdsa_key.
[    9.497339] cloud-init[710]: Your public key has been saved in /etc/ssh/ssh_host_ecdsa_key.pub.
[    9.498144] cloud-init[710]: The key fingerprint is:
[    9.498318] cloud-init[710]: SHA256:kjWWUNQwvabwqYwDxFck2hdl1bAaAmMaTqv5xGA0Pbc root@ubuntu-bionic
[    9.498823] cloud-init[710]: The key's randomart image is:
Starting Socket activation for snappy daemon.
[    9.498873] cloud-init[710]: +---[ECDSA 256]---+
[[    9.513264] [0;32m  OK  [0mcloud-init] [710]: Listening on Open-iSCSI iscsid Socket.| o+ =.++B=oo     |

[[0;32m  OK  [0m[    9.514289] cloud-init[710]: |.o.X =.+ oo..    |
[    9.514495] cloud-init[710]: |.o= +.+ * ..     |
] Started Daily apt upgrade and clean activities.
[    9.514857] cloud-init[710]: |.=o .E.= +o      |
[    9.528251] cloud-init[710]: |o.o.  ooS+       |
[[    9.528311] [0;32m  OK  [0mcloud-init] [710]: | o.    .+        |
Listening on D-Bus System Message Bus Socket.
[    9.528385] cloud-init[710]: |  .. o .         |
[    9.530785] cloud-init[710]: |    o o          |
[    9.531416] cloud-init[710]: |     .           |
[    9.532034] cloud-init[710]: +----[SHA256]-----+
[    9.532730] cloud-init[710]: Generating public/private ed25519 key pair.
         Starting LXD - unix socket.
[[0;32m  OK  [0m] Started Discard unused blocks once a week.
[[0;32m  OK  [0m] Reached target Timers.
[[0;32m  OK  [0m] Reached target Cloud-config availability.
[[0;32m  OK  [0m] Reached target Network is Online.
[    9.534685]          Starting Availability of block devices...
[[0;32m  OK  [0m] Reached target Remote File Systems (Pre).
[[0;32m  OK  [0m] Reached target Remote File Systems.
[[0;32m  OK  [0m] Listening on Socket activation for snappy daemon.
cloud-init[710]: Your identification has been saved in /etc/ssh/ssh_host_ed25519_key.
[    9.566138] cloud-init[710]: Your public key has been saved in /etc/ssh/ssh_host_ed25519_key.pub.
[[0;32m  OK  [0m] Listening on LXD - unix socket.
[    9.566369] cloud-init[710]: The key fingerprint is:
[    9.592667] cloud-init[710]: SHA256:JGOycBXz3EJkwLYdSbrCnxqV5/HDVhBc/PBmtAQVSiY root@ubuntu-bionic
[    9.592724] cloud-init[710]: The key's randomart image is:
[    9.593066] cloud-init[710]: +--[ED25519 256]--+
[    9.593124] cloud-init[710]: |     .===oEo=oo. |
[    9.593732] cloud-init[710]: |     .oBo..=o.o  |
[[0;32m  OK  [0m] Started Availability of block devices.
[    9.593919] [[0;32m  OK  [0m] Reached target Sockets.
[[0;32m  OK  [0m] Reached target Basic System.
cloud-init[710]: |  . o.=o=.o .* . |
         Starting Dispatcher daemon for systemd-networkd...
[    9.609931] cloud-init[710]: |   + +.*.. .  *  |
[    9.621326]          Starting LSB: automatic crash report generation...
cloud-init[710]: |    + + S   .o   |
         Starting Virtualbox guest utils...
[    9.632472] cloud-init[710]: |     + + + .     |
[    9.633241] cloud-init[710]: |    . o . =      |
         Starting Permit User Sessions...
[    9.644285] cloud-init[710]: |     o   . .     |
         Starting Pollinate to seed the pseudo random number generator...
[    9.657191] cloud-init[710]: |    .            |
[    9.659476] cloud-init[710]: +----[SHA256]-----+
         Starting Login Service...
         Starting System Logging Service...
[[0;32m  OK  [0m] Started irqbalance daemon.
         Starting LXD - container startup/shutdown...
[[0;32m  OK  [0m] Started Regular background program processing daemon.
         Starting LSB: Record successful boot for GRUB...
         Starting Accounts Service...
[[0;32m  OK  [0m] Started Deferred execution scheduler.
         Starting Snap Daemon...
[[0;32m  OK  [0m] Started D-Bus System Message Bus.
[[0;32m  OK  [0m] Started Login Service.
[[0;32m  OK  [0m] Started Unattended Upgrades Shutdown.
[[0;32m  OK  [0m] Started FUSE filesystem for LXC.
[[0;32m  OK  [0m] Started System Logging Service.
[[0;32m  OK  [0m] Started Permit User Sessions.
[[0;32m  OK  [0m] Started Dispatcher daemon for systemd-networkd.
[[0;32m  OK  [0m] Started LXD - container startup/shutdown.
         Starting Authorization Manager...
         Starting Hold until boot process finishes up...
         Starting Terminate Plymouth Boot Screen...
[[0;32m  OK  [0m] Started Hold until boot process finishes up.
         Starting Set console scheme...
[[0;32m  OK  [0m] Started Serial Getty on ttyS0.
[[0;32m  OK  [0m] Started Terminate Plymouth Boot Screen.
[[0;32m  OK  [0m] Started LSB: automatic crash report generation.
[[0;32m  OK  [0m] Started Authorization Manager.
[[0;32m  OK  [0m] Started Accounts Service.
[[0;32m  OK  [0m] Started Set console scheme.
[[0;32m  OK  [0m] Created slice system-getty.slice.
[[0;32m  OK  [0m] Started Getty on tty1.
[[0;32m  OK  [0m] Reached target Login Prompts.
[[0;32m  OK  [0m] Started LSB: Record successful boot for GRUB.
[[0;32m  OK  [0m] Started Virtualbox guest utils.
[[0;32m  OK  [0m] Started Snap Daemon.
         Starting Wait until snapd is fully seeded...
[[0;32m  OK  [0m] Started Pollinate to seed the pseudo random number generator.
         Starting OpenBSD Secure Shell server...
[[0;32m  OK  [0m] Started OpenBSD Secure Shell server.
[[0;32m  OK  [0m] Created slice User Slice of vagrant.
         Starting User Manager for UID 1000...
[[0;32m  OK  [0m] Started Session 1 of user vagrant.
[[0;32m  OK  [0m] Started User Manager for UID 1000.
[[0;32m  OK  [0m] Started Wait until snapd is fully seeded.
         Starting Apply the settings specified in cloud-config...
[[0;32m  OK  [0m] Reached target Multi-User System.
[[0;32m  OK  [0m] Reached target Graphical Interface.
         Starting Update UTMP about System Runlevel Changes...
[[0;32m  OK  [0m] Started Update UTMP about System Runlevel Changes.
[   13.338052] cloud-init[1401]: Cloud-init v. 20.3-2-g371b392c-0ubuntu1~18.04.1 running 'modules:config' at Sat, 06 Feb 2021 14:12:26 +0000. Up 12.98 seconds.
[[0;32m  OK  [0m] Started Apply the settings specified in cloud-config.
         Starting Execute cloud user/final scripts...
ci-info: no authorized SSH keys fingerprints found for user ubuntu.
<14>Feb  6 14:12:27 ec2: 
<14>Feb  6 14:12:27 ec2: #############################################################
<14>Feb  6 14:12:27 ec2: -----BEGIN SSH HOST KEY FINGERPRINTS-----
<14>Feb  6 14:12:27 ec2: 1024 SHA256:F8R1fI/yH1FCuewLLx+HXNkC6O6bgPEpzK8WyfxElQQ root@ubuntu-bionic (DSA)
<14>Feb  6 14:12:27 ec2: 256 SHA256:kjWWUNQwvabwqYwDxFck2hdl1bAaAmMaTqv5xGA0Pbc root@ubuntu-bionic (ECDSA)
<14>Feb  6 14:12:27 ec2: 256 SHA256:JGOycBXz3EJkwLYdSbrCnxqV5/HDVhBc/PBmtAQVSiY root@ubuntu-bionic (ED25519)
<14>Feb  6 14:12:27 ec2: 2048 SHA256:uuYlsQid5cQOqQdAf+PDtX4JXbKgJDedcHgRPcrFWSA root@ubuntu-bionic (RSA)
<14>Feb  6 14:12:27 ec2: -----END SSH HOST KEY FINGERPRINTS-----
<14>Feb  6 14:12:27 ec2: #############################################################
-----BEGIN SSH HOST KEY KEYS-----
ecdsa-sha2-nistp256 AAAAE2VjZHNhLXNoYTItbmlzdHAyNTYAAAAIbmlzdHAyNTYAAABBBLdpB4xf+r2wslpF2DwELxpnUgT5qRIAOSinrKnHgWLFkvNEd70oTiC3igEvVAvBdTzNa25esr2/erlzR30vtNI= root@ubuntu-bionic
ssh-ed25519 AAAAC3NzaC1lZDI1NTE5AAAAILofljP1VL3HNm27FH93dsJA7Fiymuu+f3TSeJSPkSOb root@ubuntu-bionic
ssh-rsa AAAAB3NzaC1yc2EAAAADAQABAAABAQDvX1xcUoz/71CvWt26+mujAQ2rQy2IoKzYsu7XCDxLqusH6DCn+lsQOyLNgBnKQHFsaXKV0l5Vfkaz6P1rZUejq31XVlNYaQhKN4KomVqD7tve6oTRDg92iMpAh6Krk8qqjB+LSGrUSCVf7eERIhowPzQZINm87L4QkBYzAWuVJ59fPqb0A3woehpsh+u1CDt5DLA/EkuwUGGSY8a1F505Qzcc2E6+fvpVpg4cXbewF9QE/q5UNkhzdfvNGKV28zaGR10h4pNkM/5/7JRzs7iNZr8uV33OvxrrMgvtQNViI5l/OQini2LLJ8egFMif0jJxIGSiin10ksGtKpqxLhAH root@ubuntu-bionic
-----END SSH HOST KEY KEYS-----
[   13.804019] cloud-init[1539]: Cloud-init v. 20.3-2-g371b392c-0ubuntu1~18.04.1 running 'modules:final' at Sat, 06 Feb 2021 14:12:27 +0000. Up 13.68 seconds.
[   13.806123] cloud-init[1539]: ci-info: no authorized SSH keys fingerprints found for user ubuntu.
[   13.807377] cloud-init[1539]: Cloud-init v. 20.3-2-g371b392c-0ubuntu1~18.04.1 finished at Sat, 06 Feb 2021 14:12:27 +0000. Datasource DataSourceNoCloud [seed=/dev/sdb][dsmode=net].  Up 13.79 seconds
[[0;32m  OK  [0m] Started Execute cloud user/final scripts.
[[0;32m  OK  [0m] Reached target Cloud-init target.

Ubuntu 18.04.5 LTS ubuntu-bionic ttyS0

ubuntu-bionic login: 